Using pre-set license
Built from '2020.2/release' branch; Version is '2020.2.2f1 (068178b99f32) revision 426360'; Using compiler version '192528614'; Build Type 'Release'
OS: 'Windows 10 Pro; OS build 22000.51; Version 2009; 64bit' Language: 'pt' Physical Memory: 16313 MB
BatchMode: 1, IsHumanControllingUs: 0, StartBugReporterOnCrash: 0, Is64bit: 1, IsPro: 0

 COMMAND LINE ARGUMENTS:
C:\Program Files\Unity\Hub\Editor\2020.2.2f1\Editor\Unity.exe
-adb2
-batchMode
-noUpm
-name
AssetImportWorker0
-projectPath
C:/Users/T-Gamer/Documents/GitHub/Hitbox Pro Studio
-logFile
Logs/AssetImportWorker0.log
-srvPort
54065
Successfully changed project path to: C:/Users/T-Gamer/Documents/GitHub/Hitbox Pro Studio
C:/Users/T-Gamer/Documents/GitHub/Hitbox Pro Studio
Using Asset Import Pipeline V2.
Refreshing native plugins compatible for Editor in 45.19 ms, found 1 plugins.
Preloading 0 native plugins for Editor in 0.00 ms.
Initialize engine version: 2020.2.2f1 (068178b99f32)
[Subsystems] Discovering subsystems at path C:/Program Files/Unity/Hub/Editor/2020.2.2f1/Editor/Data/Resources/UnitySubsystems
[Subsystems] Discovering subsystems at path C:/Users/T-Gamer/Documents/GitHub/Hitbox Pro Studio/Assets
GfxDevice: creating device client; threaded=0
Direct3D:
    Version:  Direct3D 11.0 [level 11.1]
    Renderer: Radeon RX 580 Series (ID=0x67df)
    Vendor:   
    VRAM:     8171 MB
    Driver:   27.20.11035.3002
Initialize mono
Mono path[0] = 'C:/Program Files/Unity/Hub/Editor/2020.2.2f1/Editor/Data/Managed'
Mono path[1] = 'C:/Program Files/Unity/Hub/Editor/2020.2.2f1/Editor/Data/MonoBleedingEdge/lib/mono/unityjit'
Mono config path = 'C:/Program Files/Unity/Hub/Editor/2020.2.2f1/Editor/Data/MonoBleedingEdge/etc'
Using monoOptions --debugger-agent=transport=dt_socket,embedding=1,server=y,suspend=n,address=127.0.0.1:56624
Begin MonoManager ReloadAssembly
Registering precompiled unity dll's ...
Register platform support module: C:/Program Files/Unity/Hub/Editor/2020.2.2f1/Editor/Data/PlaybackEngines/WebGLSupport/UnityEditor.WebGL.Extensions.dll
Register platform support module: C:/Program Files/Unity/Hub/Editor/2020.2.2f1/Editor/Data/PlaybackEngines/MacStandaloneSupport/UnityEditor.OSXStandalone.Extensions.dll
Register platform support module: C:/Program Files/Unity/Hub/Editor/2020.2.2f1/Editor/Data/PlaybackEngines/WindowsStandaloneSupport/UnityEditor.WindowsStandalone.Extensions.dll
Register platform support module: C:/Program Files/Unity/Hub/Editor/2020.2.2f1/Editor/Data/PlaybackEngines/LinuxStandaloneSupport/UnityEditor.LinuxStandalone.Extensions.dll
Registered in 0.005165 seconds.
Native extension for LinuxStandalone target not found
Native extension for WindowsStandalone target not found
Native extension for OSXStandalone target not found
Native extension for WebGL target not found
Refreshing native plugins compatible for Editor in 42.17 ms, found 1 plugins.
Preloading 0 native plugins for Editor in 0.00 ms.
Invoked RoslynAnalysisRunner static constructor.
RoslynAnalysisRunner will not be running.
RoslynAnalysisRunner has terminated.
Mono: successfully reloaded assembly
- Completed reload, in  1.751 seconds
Platform modules already initialized, skipping
Registering precompiled user dll's ...
Registered in 0.001371 seconds.
Begin MonoManager ReloadAssembly
Native extension for LinuxStandalone target not found
Native extension for WindowsStandalone target not found
Native extension for OSXStandalone target not found
Native extension for WebGL target not found
Refreshing native plugins compatible for Editor in 41.62 ms, found 1 plugins.
Preloading 0 native plugins for Editor in 0.00 ms.
Invoked RoslynAnalysisRunner static constructor.
RoslynAnalysisRunner will not be running.
RoslynAnalysisRunner has terminated.
Mono: successfully reloaded assembly
- Completed reload, in  1.096 seconds
Platform modules already initialized, skipping
========================================================================
Worker process is ready to serve import requests
Launched and connected shader compiler UnityShaderCompiler.exe after 0.06 seconds
Refreshing native plugins compatible for Editor in 0.37 ms, found 1 plugins.
Preloading 0 native plugins for Editor in 0.00 ms.
Unloading 1792 Unused Serialized files (Serialized files now loaded: 0)
System memory in use before: 84.2 MB.
System memory in use after: 84.2 MB.

Unloading 24 unused Assets to reduce memory usage. Loaded Objects now: 2233.
Total: 2.743200 ms (FindLiveObjects: 0.194000 ms CreateObjectMapping: 0.042200 ms MarkObjects: 2.361300 ms  DeleteObjects: 0.144500 ms)

========================================================================
Received Import Request.
  path: Assets
  artifactKey: Guid(00000000000000001000000000000000) Importer(815301076,1909f56bfc062723c751e8b465ee728b)
Start importing Assets using Guid(00000000000000001000000000000000) Importer(815301076,1909f56bfc062723c751e8b465ee728b)  -> (artifact id: '4a6e520b92ccfc61bcfa21a7bcab8468') in 0.017063 seconds
  Import took 0.020006 seconds .

========================================================================
Received Import Request.
  Time since last request: 0.473593 seconds.
  path: Assets/HitboxProStudio
  artifactKey: Guid(8a8b97bfdbb066b408f7a9ebe7747879) Importer(815301076,1909f56bfc062723c751e8b465ee728b)
Start importing Assets/HitboxProStudio using Guid(8a8b97bfdbb066b408f7a9ebe7747879) Importer(815301076,1909f56bfc062723c751e8b465ee728b)  -> (artifact id: '10f42aa5317d554fdc6cd604c339d867') in 0.014250 seconds
  Import took 0.017500 seconds .

========================================================================
Received Import Request.
  Time since last request: 25.243506 seconds.
  path: Assets/HitboxStudioPro
  artifactKey: Guid(8a8b97bfdbb066b408f7a9ebe7747879) Importer(815301076,1909f56bfc062723c751e8b465ee728b)
Start importing Assets/HitboxStudioPro using Guid(8a8b97bfdbb066b408f7a9ebe7747879) Importer(815301076,1909f56bfc062723c751e8b465ee728b)  -> (artifact id: 'fd478125ed5e46fa6ed6615b5d7eee41') in 0.014071 seconds
  Import took 0.017191 seconds .

========================================================================
Received Import Request.
  Time since last request: 10.053502 seconds.
  path: Assets/HitboxStudioPro/AttackFX.cs
  artifactKey: Guid(4adacaf948dbf8c4ba0c90899f2efdf0) Importer(815301076,1909f56bfc062723c751e8b465ee728b)
Start importing Assets/HitboxStudioPro/AttackFX.cs using Guid(4adacaf948dbf8c4ba0c90899f2efdf0) Importer(815301076,1909f56bfc062723c751e8b465ee728b)  -> (artifact id: '56e22d818a8b2b7388074d4bd1a5f4ac') in 0.369725 seconds
  Import took 0.373081 seconds .

========================================================================
Received Prepare
Registering precompiled user dll's ...
Registered in 0.001744 seconds.
Begin MonoManager ReloadAssembly
Native extension for LinuxStandalone target not found
Native extension for WindowsStandalone target not found
Native extension for OSXStandalone target not found
Native extension for WebGL target not found
Refreshing native plugins compatible for Editor in 0.38 ms, found 1 plugins.
Preloading 0 native plugins for Editor in 0.00 ms.
Invoked RoslynAnalysisRunner static constructor.
RoslynAnalysisRunner will not be running.
RoslynAnalysisRunner has terminated.
Mono: successfully reloaded assembly
- Completed reload, in  0.966 seconds
Platform modules already initialized, skipping
Refreshing native plugins compatible for Editor in 0.53 ms, found 1 plugins.
Preloading 0 native plugins for Editor in 0.00 ms.
Unloading 1788 Unused Serialized files (Serialized files now loaded: 0)
System memory in use before: 84.2 MB.
System memory in use after: 84.2 MB.

Unloading 12 unused Assets to reduce memory usage. Loaded Objects now: 2237.
Total: 2.504500 ms (FindLiveObjects: 0.266300 ms CreateObjectMapping: 0.046200 ms MarkObjects: 2.067400 ms  DeleteObjects: 0.123300 ms)

========================================================================
Received Import Request.
  Time since last request: 13.650367 seconds.
  path: Assets/HitboxStudioPro/BinaryStructConverter.cs
  artifactKey: Guid(ac44ebc97c215594492473ab981cb64b) Importer(815301076,1909f56bfc062723c751e8b465ee728b)
Start importing Assets/HitboxStudioPro/BinaryStructConverter.cs using Guid(ac44ebc97c215594492473ab981cb64b) Importer(815301076,1909f56bfc062723c751e8b465ee728b)  -> (artifact id: '9ced095043c210a2622ac8b72069e218') in 0.018120 seconds
  Import took 0.021774 seconds .

========================================================================
Received Import Request.
  Time since last request: 0.001732 seconds.
  path: Assets/HitboxStudioPro/BinaryStructConverter.cs
  artifactKey: Guid(ac44ebc97c215594492473ab981cb64b) Importer(815301076,1909f56bfc062723c751e8b465ee728b)
Start importing Assets/HitboxStudioPro/BinaryStructConverter.cs using Guid(ac44ebc97c215594492473ab981cb64b) Importer(815301076,1909f56bfc062723c751e8b465ee728b)  -> (artifact id: '9ced095043c210a2622ac8b72069e218') in 0.006238 seconds
  Import took 0.009820 seconds .

========================================================================
Received Prepare
Registering precompiled user dll's ...
Registered in 0.002082 seconds.
Begin MonoManager ReloadAssembly
Native extension for LinuxStandalone target not found
Native extension for WindowsStandalone target not found
Native extension for OSXStandalone target not found
Native extension for WebGL target not found
Refreshing native plugins compatible for Editor in 0.38 ms, found 1 plugins.
Preloading 0 native plugins for Editor in 0.00 ms.
Invoked RoslynAnalysisRunner static constructor.
RoslynAnalysisRunner will not be running.
RoslynAnalysisRunner has terminated.
Mono: successfully reloaded assembly
- Completed reload, in  0.949 seconds
Platform modules already initialized, skipping
Refreshing native plugins compatible for Editor in 0.39 ms, found 1 plugins.
Preloading 0 native plugins for Editor in 0.00 ms.
Unloading 1789 Unused Serialized files (Serialized files now loaded: 0)
System memory in use before: 84.4 MB.
System memory in use after: 84.4 MB.

Unloading 12 unused Assets to reduce memory usage. Loaded Objects now: 2241.
Total: 2.437200 ms (FindLiveObjects: 0.227800 ms CreateObjectMapping: 0.045500 ms MarkObjects: 2.012100 ms  DeleteObjects: 0.150500 ms)

========================================================================
Received Import Request.
  Time since last request: 11.512984 seconds.
  path: Assets/HitboxStudioPro/ContactData.cs
  artifactKey: Guid(d07a708e253902c4382117dc8a691386) Importer(815301076,1909f56bfc062723c751e8b465ee728b)
Start importing Assets/HitboxStudioPro/ContactData.cs using Guid(d07a708e253902c4382117dc8a691386) Importer(815301076,1909f56bfc062723c751e8b465ee728b)  -> (artifact id: '684d55e97ca2a00924ff4b534d60168d') in 0.036934 seconds
  Import took 0.040386 seconds .

========================================================================
Received Prepare
Registering precompiled user dll's ...
Registered in 0.001390 seconds.
Begin MonoManager ReloadAssembly
Native extension for LinuxStandalone target not found
Native extension for WindowsStandalone target not found
Native extension for OSXStandalone target not found
Native extension for WebGL target not found
Refreshing native plugins compatible for Editor in 0.40 ms, found 1 plugins.
Preloading 0 native plugins for Editor in 0.00 ms.
Invoked RoslynAnalysisRunner static constructor.
RoslynAnalysisRunner will not be running.
RoslynAnalysisRunner has terminated.
Mono: successfully reloaded assembly
- Completed reload, in  1.002 seconds
Platform modules already initialized, skipping
Refreshing native plugins compatible for Editor in 0.38 ms, found 1 plugins.
Preloading 0 native plugins for Editor in 0.00 ms.
Unloading 1790 Unused Serialized files (Serialized files now loaded: 0)
System memory in use before: 84.5 MB.
System memory in use after: 84.5 MB.

Unloading 12 unused Assets to reduce memory usage. Loaded Objects now: 2245.
Total: 2.328600 ms (FindLiveObjects: 0.266600 ms CreateObjectMapping: 0.043600 ms MarkObjects: 1.885500 ms  DeleteObjects: 0.131800 ms)

========================================================================
Received Import Request.
  Time since last request: 12.688788 seconds.
  path: Assets/HitboxStudioPro/EffectSpawner.cs
  artifactKey: Guid(a0ab136c473e9814c8d5f373e96bce9a) Importer(815301076,1909f56bfc062723c751e8b465ee728b)
Start importing Assets/HitboxStudioPro/EffectSpawner.cs using Guid(a0ab136c473e9814c8d5f373e96bce9a) Importer(815301076,1909f56bfc062723c751e8b465ee728b)  -> (artifact id: '501fa45e9410e296d29aa7e89cde0a54') in 0.018118 seconds
  Import took 0.022077 seconds .

========================================================================
Received Prepare
Registering precompiled user dll's ...
Registered in 0.001377 seconds.
Begin MonoManager ReloadAssembly
Native extension for LinuxStandalone target not found
Native extension for WindowsStandalone target not found
Native extension for OSXStandalone target not found
Native extension for WebGL target not found
Refreshing native plugins compatible for Editor in 0.40 ms, found 1 plugins.
Preloading 0 native plugins for Editor in 0.00 ms.
Invoked RoslynAnalysisRunner static constructor.
RoslynAnalysisRunner will not be running.
RoslynAnalysisRunner has terminated.
Mono: successfully reloaded assembly
- Completed reload, in  0.958 seconds
Platform modules already initialized, skipping
Refreshing native plugins compatible for Editor in 0.40 ms, found 1 plugins.
Preloading 0 native plugins for Editor in 0.00 ms.
Unloading 1791 Unused Serialized files (Serialized files now loaded: 0)
System memory in use before: 84.6 MB.
System memory in use after: 84.6 MB.

Unloading 12 unused Assets to reduce memory usage. Loaded Objects now: 2249.
Total: 2.252700 ms (FindLiveObjects: 0.202400 ms CreateObjectMapping: 0.044400 ms MarkObjects: 1.875300 ms  DeleteObjects: 0.129500 ms)

========================================================================
Received Import Request.
  Time since last request: 8.249992 seconds.
  path: Assets/HitboxStudioPro/FrameEvent.cs
  artifactKey: Guid(7000ad514884f284283819aaf004e7fb) Importer(815301076,1909f56bfc062723c751e8b465ee728b)
Start importing Assets/HitboxStudioPro/FrameEvent.cs using Guid(7000ad514884f284283819aaf004e7fb) Importer(815301076,1909f56bfc062723c751e8b465ee728b)  -> (artifact id: '99cd949563e2cc7ec86204a2fc408e8d') in 0.019103 seconds
  Import took 0.022853 seconds .

========================================================================
Received Prepare
Registering precompiled user dll's ...
Registered in 0.001357 seconds.
Begin MonoManager ReloadAssembly
Native extension for LinuxStandalone target not found
Native extension for WindowsStandalone target not found
Native extension for OSXStandalone target not found
Native extension for WebGL target not found
Refreshing native plugins compatible for Editor in 0.41 ms, found 1 plugins.
Preloading 0 native plugins for Editor in 0.00 ms.
Invoked RoslynAnalysisRunner static constructor.
RoslynAnalysisRunner will not be running.
RoslynAnalysisRunner has terminated.
Mono: successfully reloaded assembly
- Completed reload, in  0.998 seconds
Platform modules already initialized, skipping
Refreshing native plugins compatible for Editor in 0.37 ms, found 1 plugins.
Preloading 0 native plugins for Editor in 0.00 ms.
Unloading 1792 Unused Serialized files (Serialized files now loaded: 0)
System memory in use before: 84.6 MB.
System memory in use after: 84.6 MB.

Unloading 12 unused Assets to reduce memory usage. Loaded Objects now: 2253.
Total: 2.194500 ms (FindLiveObjects: 0.255000 ms CreateObjectMapping: 0.042000 ms MarkObjects: 1.763200 ms  DeleteObjects: 0.133300 ms)

========================================================================
Received Import Request.
  Time since last request: 9.097420 seconds.
  path: Assets/HitboxStudioPro/HitboxCollisionMatrix.cs
  artifactKey: Guid(f0a33f16727dba840a8fff47d54fa1ec) Importer(815301076,1909f56bfc062723c751e8b465ee728b)
Start importing Assets/HitboxStudioPro/HitboxCollisionMatrix.cs using Guid(f0a33f16727dba840a8fff47d54fa1ec) Importer(815301076,1909f56bfc062723c751e8b465ee728b)  -> (artifact id: 'b89473b682a009422c890666e5f533cf') in 0.017715 seconds
  Import took 0.021102 seconds .

========================================================================
Received Prepare
Registering precompiled user dll's ...
Registered in 0.001377 seconds.
Begin MonoManager ReloadAssembly
Native extension for LinuxStandalone target not found
Native extension for WindowsStandalone target not found
Native extension for OSXStandalone target not found
Native extension for WebGL target not found
Refreshing native plugins compatible for Editor in 0.38 ms, found 1 plugins.
Preloading 0 native plugins for Editor in 0.00 ms.
Invoked RoslynAnalysisRunner static constructor.
RoslynAnalysisRunner will not be running.
RoslynAnalysisRunner has terminated.
Mono: successfully reloaded assembly
- Completed reload, in  1.002 seconds
Platform modules already initialized, skipping
Refreshing native plugins compatible for Editor in 0.56 ms, found 1 plugins.
Preloading 0 native plugins for Editor in 0.00 ms.
Unloading 1793 Unused Serialized files (Serialized files now loaded: 0)
System memory in use before: 84.7 MB.
System memory in use after: 84.7 MB.

Unloading 12 unused Assets to reduce memory usage. Loaded Objects now: 2257.
Total: 2.250300 ms (FindLiveObjects: 0.232300 ms CreateObjectMapping: 0.043900 ms MarkObjects: 1.840400 ms  DeleteObjects: 0.132300 ms)

========================================================================
Received Import Request.
  Time since last request: 7.887363 seconds.
  path: Assets/HitboxStudioPro/HitboxFeeder.cs
  artifactKey: Guid(c4a67f4899c5ddd4db6aa35db2b9277d) Importer(815301076,1909f56bfc062723c751e8b465ee728b)
Start importing Assets/HitboxStudioPro/HitboxFeeder.cs using Guid(c4a67f4899c5ddd4db6aa35db2b9277d) Importer(815301076,1909f56bfc062723c751e8b465ee728b)  -> (artifact id: '53c9d0fcc8b989602564bf5a9c4d7703') in 0.018325 seconds
  Import took 0.021775 seconds .

========================================================================
Received Prepare
Registering precompiled user dll's ...
Registered in 0.001504 seconds.
Begin MonoManager ReloadAssembly
Native extension for LinuxStandalone target not found
Native extension for WindowsStandalone target not found
Native extension for OSXStandalone target not found
Native extension for WebGL target not found
Refreshing native plugins compatible for Editor in 0.41 ms, found 1 plugins.
Preloading 0 native plugins for Editor in 0.00 ms.
Invoked RoslynAnalysisRunner static constructor.
RoslynAnalysisRunner will not be running.
RoslynAnalysisRunner has terminated.
Mono: successfully reloaded assembly
- Completed reload, in  0.994 seconds
Platform modules already initialized, skipping
Refreshing native plugins compatible for Editor in 0.37 ms, found 1 plugins.
Preloading 0 native plugins for Editor in 0.00 ms.
Unloading 1794 Unused Serialized files (Serialized files now loaded: 0)
System memory in use before: 84.8 MB.
System memory in use after: 84.8 MB.

Unloading 12 unused Assets to reduce memory usage. Loaded Objects now: 2261.
Total: 2.139300 ms (FindLiveObjects: 0.204100 ms CreateObjectMapping: 0.056700 ms MarkObjects: 1.754800 ms  DeleteObjects: 0.122600 ms)

========================================================================
Received Import Request.
  Time since last request: 8.562929 seconds.
  path: Assets/HitboxStudioPro/HitboxManager.cs
  artifactKey: Guid(55772f60af1a5354a88ccf61de81ef12) Importer(815301076,1909f56bfc062723c751e8b465ee728b)
Start importing Assets/HitboxStudioPro/HitboxManager.cs using Guid(55772f60af1a5354a88ccf61de81ef12) Importer(815301076,1909f56bfc062723c751e8b465ee728b)  -> (artifact id: '6898cdc76aec68c3e411776219e21ef2') in 0.018516 seconds
  Import took 0.022009 seconds .

========================================================================
Received Prepare
Registering precompiled user dll's ...
Registered in 0.001606 seconds.
Begin MonoManager ReloadAssembly
Native extension for LinuxStandalone target not found
Native extension for WindowsStandalone target not found
Native extension for OSXStandalone target not found
Native extension for WebGL target not found
Refreshing native plugins compatible for Editor in 0.39 ms, found 1 plugins.
Preloading 0 native plugins for Editor in 0.00 ms.
Invoked RoslynAnalysisRunner static constructor.
RoslynAnalysisRunner will not be running.
RoslynAnalysisRunner has terminated.
Mono: successfully reloaded assembly
- Completed reload, in  0.968 seconds
Platform modules already initialized, skipping
Refreshing native plugins compatible for Editor in 0.63 ms, found 1 plugins.
Preloading 0 native plugins for Editor in 0.00 ms.
Unloading 1795 Unused Serialized files (Serialized files now loaded: 0)
System memory in use before: 84.9 MB.
System memory in use after: 84.9 MB.

Unloading 12 unused Assets to reduce memory usage. Loaded Objects now: 2265.
Total: 2.169300 ms (FindLiveObjects: 0.211300 ms CreateObjectMapping: 0.044000 ms MarkObjects: 1.774300 ms  DeleteObjects: 0.138400 ms)

========================================================================
Received Import Request.
  Time since last request: 8.134146 seconds.
  path: Assets/HitboxStudioPro/HitboxType.cs
  artifactKey: Guid(5fac3891a6c42f6409020bda6fd2fc0e) Importer(815301076,1909f56bfc062723c751e8b465ee728b)
Start importing Assets/HitboxStudioPro/HitboxType.cs using Guid(5fac3891a6c42f6409020bda6fd2fc0e) Importer(815301076,1909f56bfc062723c751e8b465ee728b)  -> (artifact id: '118f89eedae0d230b8fc68ebd7450db5') in 0.018728 seconds
  Import took 0.021986 seconds .

========================================================================
Received Prepare
Registering precompiled user dll's ...
Registered in 0.001458 seconds.
Begin MonoManager ReloadAssembly
Native extension for LinuxStandalone target not found
Native extension for WindowsStandalone target not found
Native extension for OSXStandalone target not found
Native extension for WebGL target not found
Refreshing native plugins compatible for Editor in 0.38 ms, found 1 plugins.
Preloading 0 native plugins for Editor in 0.00 ms.
Invoked RoslynAnalysisRunner static constructor.
RoslynAnalysisRunner will not be running.
RoslynAnalysisRunner has terminated.
Mono: successfully reloaded assembly
- Completed reload, in  1.002 seconds
Platform modules already initialized, skipping
Refreshing native plugins compatible for Editor in 0.37 ms, found 1 plugins.
Preloading 0 native plugins for Editor in 0.00 ms.
Unloading 1796 Unused Serialized files (Serialized files now loaded: 0)
System memory in use before: 85.0 MB.
System memory in use after: 85.0 MB.

Unloading 12 unused Assets to reduce memory usage. Loaded Objects now: 2269.
Total: 2.146600 ms (FindLiveObjects: 0.192500 ms CreateObjectMapping: 0.046000 ms MarkObjects: 1.783600 ms  DeleteObjects: 0.123500 ms)

========================================================================
Received Import Request.
  Time since last request: 7.223110 seconds.
  path: Assets/HitboxStudioPro/ICharacter.cs
  artifactKey: Guid(694bf4120baa8004e89976e6595a2123) Importer(815301076,1909f56bfc062723c751e8b465ee728b)
Start importing Assets/HitboxStudioPro/ICharacter.cs using Guid(694bf4120baa8004e89976e6595a2123) Importer(815301076,1909f56bfc062723c751e8b465ee728b)  -> (artifact id: 'e28eb3d9df4f2191f45c2811445b3607') in 0.018461 seconds
  Import took 0.021660 seconds .

========================================================================
Received Prepare
Registering precompiled user dll's ...
Registered in 0.001399 seconds.
Begin MonoManager ReloadAssembly
Native extension for LinuxStandalone target not found
Native extension for WindowsStandalone target not found
Native extension for OSXStandalone target not found
Native extension for WebGL target not found
Refreshing native plugins compatible for Editor in 0.37 ms, found 1 plugins.
Preloading 0 native plugins for Editor in 0.00 ms.
Invoked RoslynAnalysisRunner static constructor.
RoslynAnalysisRunner will not be running.
RoslynAnalysisRunner has terminated.
Mono: successfully reloaded assembly
- Completed reload, in  0.972 seconds
Platform modules already initialized, skipping
Refreshing native plugins compatible for Editor in 0.54 ms, found 1 plugins.
Preloading 0 native plugins for Editor in 0.00 ms.
Unloading 1797 Unused Serialized files (Serialized files now loaded: 0)
System memory in use before: 85.0 MB.
System memory in use after: 85.0 MB.

Unloading 12 unused Assets to reduce memory usage. Loaded Objects now: 2273.
Total: 2.588400 ms (FindLiveObjects: 0.295000 ms CreateObjectMapping: 0.056200 ms MarkObjects: 2.099000 ms  DeleteObjects: 0.137200 ms)

========================================================================
Received Import Request.
  Time since last request: 9.742072 seconds.
  path: Assets/HitboxStudioPro/ListExtensions.cs
  artifactKey: Guid(131ca3c5c316b824fb53eb2c7330f1b0) Importer(815301076,1909f56bfc062723c751e8b465ee728b)
Start importing Assets/HitboxStudioPro/ListExtensions.cs using Guid(131ca3c5c316b824fb53eb2c7330f1b0) Importer(815301076,1909f56bfc062723c751e8b465ee728b)  -> (artifact id: '97313dafba46eb98f4fc3f549ccf13c1') in 0.018032 seconds
  Import took 0.021196 seconds .

========================================================================
Received Prepare
Registering precompiled user dll's ...
Registered in 0.001367 seconds.
Begin MonoManager ReloadAssembly
Native extension for LinuxStandalone target not found
Native extension for WindowsStandalone target not found
Native extension for OSXStandalone target not found
Native extension for WebGL target not found
Refreshing native plugins compatible for Editor in 0.38 ms, found 1 plugins.
Preloading 0 native plugins for Editor in 0.00 ms.
Invoked RoslynAnalysisRunner static constructor.
RoslynAnalysisRunner will not be running.
RoslynAnalysisRunner has terminated.
Mono: successfully reloaded assembly
- Completed reload, in  0.944 seconds
Platform modules already initialized, skipping
Refreshing native plugins compatible for Editor in 0.37 ms, found 1 plugins.
Preloading 0 native plugins for Editor in 0.00 ms.
Unloading 1798 Unused Serialized files (Serialized files now loaded: 0)
System memory in use before: 85.1 MB.
System memory in use after: 85.1 MB.

Unloading 12 unused Assets to reduce memory usage. Loaded Objects now: 2277.
Total: 2.266600 ms (FindLiveObjects: 0.248800 ms CreateObjectMapping: 0.045800 ms MarkObjects: 1.825600 ms  DeleteObjects: 0.145500 ms)

========================================================================
Received Import Request.
  Time since last request: 14.691102 seconds.
  path: Assets/HitboxStudioPro/SpritePalette.cs
  artifactKey: Guid(3cf27c1e7691aae4a85ee6d3130ed005) Importer(815301076,1909f56bfc062723c751e8b465ee728b)
Start importing Assets/HitboxStudioPro/SpritePalette.cs using Guid(3cf27c1e7691aae4a85ee6d3130ed005) Importer(815301076,1909f56bfc062723c751e8b465ee728b)  -> (artifact id: '8109176038bfe5347d46dff7034b9645') in 0.023057 seconds
  Import took 0.027395 seconds .

========================================================================
Received Prepare
Registering precompiled user dll's ...
Registered in 0.001338 seconds.
Begin MonoManager ReloadAssembly
Native extension for LinuxStandalone target not found
Native extension for WindowsStandalone target not found
Native extension for OSXStandalone target not found
Native extension for WebGL target not found
Refreshing native plugins compatible for Editor in 0.37 ms, found 1 plugins.
Preloading 0 native plugins for Editor in 0.00 ms.
Invoked RoslynAnalysisRunner static constructor.
RoslynAnalysisRunner will not be running.
RoslynAnalysisRunner has terminated.
Mono: successfully reloaded assembly
- Completed reload, in  0.957 seconds
Platform modules already initialized, skipping
Refreshing native plugins compatible for Editor in 0.47 ms, found 1 plugins.
Preloading 0 native plugins for Editor in 0.00 ms.
Unloading 1799 Unused Serialized files (Serialized files now loaded: 0)
System memory in use before: 85.2 MB.
System memory in use after: 85.2 MB.

Unloading 12 unused Assets to reduce memory usage. Loaded Objects now: 2281.
Total: 2.328900 ms (FindLiveObjects: 0.269600 ms CreateObjectMapping: 0.069000 ms MarkObjects: 1.860200 ms  DeleteObjects: 0.129000 ms)

========================================================================
Received Import Request.
  Time since last request: 9.011008 seconds.
  path: Assets/HitboxStudioPro/SpritePaletteGroup.cs
  artifactKey: Guid(b4c0093555e74314f92ded6277ee4c3a) Importer(815301076,1909f56bfc062723c751e8b465ee728b)
Start importing Assets/HitboxStudioPro/SpritePaletteGroup.cs using Guid(b4c0093555e74314f92ded6277ee4c3a) Importer(815301076,1909f56bfc062723c751e8b465ee728b)  -> (artifact id: 'a4d06eb9fa33ffb38eb53fe5d69ec3e0') in 0.018365 seconds
  Import took 0.022032 seconds .

========================================================================
Received Prepare
Registering precompiled user dll's ...
Registered in 0.001353 seconds.
Begin MonoManager ReloadAssembly
Native extension for LinuxStandalone target not found
Native extension for WindowsStandalone target not found
Native extension for OSXStandalone target not found
Native extension for WebGL target not found
Refreshing native plugins compatible for Editor in 0.43 ms, found 1 plugins.
Preloading 0 native plugins for Editor in 0.00 ms.
Invoked RoslynAnalysisRunner static constructor.
RoslynAnalysisRunner will not be running.
RoslynAnalysisRunner has terminated.
Mono: successfully reloaded assembly
- Completed reload, in  0.973 seconds
Platform modules already initialized, skipping
Refreshing native plugins compatible for Editor in 0.36 ms, found 1 plugins.
Preloading 0 native plugins for Editor in 0.00 ms.
Unloading 1800 Unused Serialized files (Serialized files now loaded: 0)
System memory in use before: 85.3 MB.
System memory in use after: 85.3 MB.

Unloading 12 unused Assets to reduce memory usage. Loaded Objects now: 2285.
Total: 2.215400 ms (FindLiveObjects: 0.202500 ms CreateObjectMapping: 0.043000 ms MarkObjects: 1.836800 ms  DeleteObjects: 0.131800 ms)

========================================================================
Received Prepare
Registering precompiled user dll's ...
Registered in 0.001848 seconds.
Begin MonoManager ReloadAssembly
Native extension for LinuxStandalone target not found
Native extension for WindowsStandalone target not found
Native extension for OSXStandalone target not found
Native extension for WebGL target not found
Refreshing native plugins compatible for Editor in 0.40 ms, found 1 plugins.
Preloading 0 native plugins for Editor in 0.00 ms.
Invoked RoslynAnalysisRunner static constructor.
RoslynAnalysisRunner will not be running.
RoslynAnalysisRunner has terminated.
Mono: successfully reloaded assembly
- Completed reload, in  0.947 seconds
Platform modules already initialized, skipping
Refreshing native plugins compatible for Editor in 0.38 ms, found 1 plugins.
Preloading 0 native plugins for Editor in 0.00 ms.
Unloading 1800 Unused Serialized files (Serialized files now loaded: 0)
System memory in use before: 85.4 MB.
System memory in use after: 85.4 MB.

Unloading 12 unused Assets to reduce memory usage. Loaded Objects now: 2288.
Total: 2.238500 ms (FindLiveObjects: 0.215600 ms CreateObjectMapping: 0.046500 ms MarkObjects: 1.842200 ms  DeleteObjects: 0.133000 ms)

========================================================================
Received Import Request.
  Time since last request: 220.791288 seconds.
  path: Assets/HitboxStudioPro/SpritePaletteGroup.cs
  artifactKey: Guid(b4c0093555e74314f92ded6277ee4c3a) Importer(815301076,1909f56bfc062723c751e8b465ee728b)
Start importing Assets/HitboxStudioPro/SpritePaletteGroup.cs using Guid(b4c0093555e74314f92ded6277ee4c3a) Importer(815301076,1909f56bfc062723c751e8b465ee728b)  -> (artifact id: '55a61f494366ba46de134745b3348931') in 0.009059 seconds
  Import took 0.011976 seconds .

========================================================================
Received Import Request.
  Time since last request: 4.894117 seconds.
  path: Assets/HitboxStudioPro/ResetHitboxTargets.cs
  artifactKey: Guid(fd8356c1e9bca5849a3225f79df43648) Importer(815301076,1909f56bfc062723c751e8b465ee728b)
Start importing Assets/HitboxStudioPro/ResetHitboxTargets.cs using Guid(fd8356c1e9bca5849a3225f79df43648) Importer(815301076,1909f56bfc062723c751e8b465ee728b)  -> (artifact id: '21541ff94806f7c3218ef68dd6de9d88') in 0.016397 seconds
  Import took 0.019894 seconds .

========================================================================
Received Prepare
Registering precompiled user dll's ...
Registered in 0.001476 seconds.
Begin MonoManager ReloadAssembly
Native extension for LinuxStandalone target not found
Native extension for WindowsStandalone target not found
Native extension for OSXStandalone target not found
Native extension for WebGL target not found
Refreshing native plugins compatible for Editor in 0.37 ms, found 1 plugins.
Preloading 0 native plugins for Editor in 0.00 ms.
Invoked RoslynAnalysisRunner static constructor.
RoslynAnalysisRunner will not be running.
RoslynAnalysisRunner has terminated.
Mono: successfully reloaded assembly
- Completed reload, in  0.969 seconds
Platform modules already initialized, skipping
Refreshing native plugins compatible for Editor in 0.37 ms, found 1 plugins.
Preloading 0 native plugins for Editor in 0.00 ms.
Unloading 1801 Unused Serialized files (Serialized files now loaded: 0)
System memory in use before: 85.5 MB.
System memory in use after: 85.5 MB.

Unloading 12 unused Assets to reduce memory usage. Loaded Objects now: 2292.
Total: 2.288000 ms (FindLiveObjects: 0.218700 ms CreateObjectMapping: 0.043600 ms MarkObjects: 1.888300 ms  DeleteObjects: 0.136100 ms)

========================================================================
Received Prepare
Registering precompiled user dll's ...
Registered in 0.001449 seconds.
Begin MonoManager ReloadAssembly
Native extension for LinuxStandalone target not found
Native extension for WindowsStandalone target not found
Native extension for OSXStandalone target not found
Native extension for WebGL target not found
Refreshing native plugins compatible for Editor in 0.39 ms, found 1 plugins.
Preloading 0 native plugins for Editor in 0.00 ms.
Invoked RoslynAnalysisRunner static constructor.
RoslynAnalysisRunner will not be running.
RoslynAnalysisRunner has terminated.
Mono: successfully reloaded assembly
- Completed reload, in  0.976 seconds
Platform modules already initialized, skipping
Refreshing native plugins compatible for Editor in 0.37 ms, found 1 plugins.
Preloading 0 native plugins for Editor in 0.00 ms.
Unloading 1801 Unused Serialized files (Serialized files now loaded: 0)
System memory in use before: 85.5 MB.
System memory in use after: 85.5 MB.

Unloading 12 unused Assets to reduce memory usage. Loaded Objects now: 2295.
Total: 2.162500 ms (FindLiveObjects: 0.198300 ms CreateObjectMapping: 0.042600 ms MarkObjects: 1.787900 ms  DeleteObjects: 0.132600 ms)

========================================================================
Received Import Request.
  Time since last request: 15.649018 seconds.
  path: Assets/HitboxStudioPro/ResetHitboxTargets.cs
  artifactKey: Guid(fd8356c1e9bca5849a3225f79df43648) Importer(815301076,1909f56bfc062723c751e8b465ee728b)
Start importing Assets/HitboxStudioPro/ResetHitboxTargets.cs using Guid(fd8356c1e9bca5849a3225f79df43648) Importer(815301076,1909f56bfc062723c751e8b465ee728b)  -> (artifact id: 'a42f506245053d787e25a4f05032a4c9') in 0.008373 seconds
  Import took 0.011369 seconds .

========================================================================
Received Import Request.
  Time since last request: 29.327720 seconds.
  path: Assets/HitboxStudioProDemo
  artifactKey: Guid(0d7ebfbb7d32d004390300d06cf054d0) Importer(815301076,1909f56bfc062723c751e8b465ee728b)
Start importing Assets/HitboxStudioProDemo using Guid(0d7ebfbb7d32d004390300d06cf054d0) Importer(815301076,1909f56bfc062723c751e8b465ee728b)  -> (artifact id: '4029fea9e6bb18682cfc9bc5d56751dc') in 0.014101 seconds
  Import took 0.017078 seconds .

========================================================================
Received Import Request.
  Time since last request: 17.370943 seconds.
  path: Assets/HitboxStudioProDemo/AnimateShadow.cs
  artifactKey: Guid(c78983a41852d60499e6d6a0495f4e8e) Importer(815301076,1909f56bfc062723c751e8b465ee728b)
Start importing Assets/HitboxStudioProDemo/AnimateShadow.cs using Guid(c78983a41852d60499e6d6a0495f4e8e) Importer(815301076,1909f56bfc062723c751e8b465ee728b)  -> (artifact id: 'c4296c101b1800cb30596b240b66c115') in 0.015380 seconds
  Import took 0.019410 seconds .

========================================================================
Received Import Request.
  Time since last request: 0.000837 seconds.
  path: Assets/HitboxStudioProDemo/AnimateShadow.cs
  artifactKey: Guid(c78983a41852d60499e6d6a0495f4e8e) Importer(815301076,1909f56bfc062723c751e8b465ee728b)
Start importing Assets/HitboxStudioProDemo/AnimateShadow.cs using Guid(c78983a41852d60499e6d6a0495f4e8e) Importer(815301076,1909f56bfc062723c751e8b465ee728b)  -> (artifact id: 'c4296c101b1800cb30596b240b66c115') in 0.005836 seconds
  Import took 0.009455 seconds .

========================================================================
Received Prepare
Registering precompiled user dll's ...
Registered in 0.001416 seconds.
Begin MonoManager ReloadAssembly
Native extension for LinuxStandalone target not found
Native extension for WindowsStandalone target not found
Native extension for OSXStandalone target not found
Native extension for WebGL target not found
Refreshing native plugins compatible for Editor in 0.37 ms, found 1 plugins.
Preloading 0 native plugins for Editor in 0.00 ms.
Invoked RoslynAnalysisRunner static constructor.
RoslynAnalysisRunner will not be running.
RoslynAnalysisRunner has terminated.
Mono: successfully reloaded assembly
- Completed reload, in  0.992 seconds
Platform modules already initialized, skipping
Refreshing native plugins compatible for Editor in 0.40 ms, found 1 plugins.
Preloading 0 native plugins for Editor in 0.00 ms.
Unloading 1802 Unused Serialized files (Serialized files now loaded: 0)
System memory in use before: 85.6 MB.
System memory in use after: 85.6 MB.

Unloading 12 unused Assets to reduce memory usage. Loaded Objects now: 2299.
Total: 2.155600 ms (FindLiveObjects: 0.199500 ms CreateObjectMapping: 0.043400 ms MarkObjects: 1.794500 ms  DeleteObjects: 0.117000 ms)

========================================================================
Received Import Request.
  Time since last request: 7.370557 seconds.
  path: Assets/HitboxStudioProDemo/Character.cs
  artifactKey: Guid(a0de9e0c2ddb4394f8339458a1d390cf) Importer(815301076,1909f56bfc062723c751e8b465ee728b)
Start importing Assets/HitboxStudioProDemo/Character.cs using Guid(a0de9e0c2ddb4394f8339458a1d390cf) Importer(815301076,1909f56bfc062723c751e8b465ee728b)  -> (artifact id: 'ac27d0ff907e72b3a33c603b5f0a139d') in 0.018355 seconds
  Import took 0.021948 seconds .

========================================================================
Received Import Request.
  Time since last request: 0.001376 seconds.
  path: Assets/HitboxStudioProDemo/Character.cs
  artifactKey: Guid(a0de9e0c2ddb4394f8339458a1d390cf) Importer(815301076,1909f56bfc062723c751e8b465ee728b)
Start importing Assets/HitboxStudioProDemo/Character.cs using Guid(a0de9e0c2ddb4394f8339458a1d390cf) Importer(815301076,1909f56bfc062723c751e8b465ee728b)  -> (artifact id: 'ac27d0ff907e72b3a33c603b5f0a139d') in 0.005473 seconds
  Import took 0.008556 seconds .

========================================================================
Received Prepare
Registering precompiled user dll's ...
Registered in 0.001420 seconds.
Begin MonoManager ReloadAssembly
Native extension for LinuxStandalone target not found
Native extension for WindowsStandalone target not found
Native extension for OSXStandalone target not found
Native extension for WebGL target not found
Refreshing native plugins compatible for Editor in 0.39 ms, found 1 plugins.
Preloading 0 native plugins for Editor in 0.00 ms.
Invoked RoslynAnalysisRunner static constructor.
RoslynAnalysisRunner will not be running.
RoslynAnalysisRunner has terminated.
Mono: successfully reloaded assembly
- Completed reload, in  0.995 seconds
Platform modules already initialized, skipping
Refreshing native plugins compatible for Editor in 0.38 ms, found 1 plugins.
Preloading 0 native plugins for Editor in 0.00 ms.
Unloading 1803 Unused Serialized files (Serialized files now loaded: 0)
System memory in use before: 85.7 MB.
System memory in use after: 85.7 MB.

Unloading 12 unused Assets to reduce memory usage. Loaded Objects now: 2303.
Total: 2.148400 ms (FindLiveObjects: 0.228300 ms CreateObjectMapping: 0.044400 ms MarkObjects: 1.749300 ms  DeleteObjects: 0.124800 ms)

========================================================================
Received Import Request.
  Time since last request: 11.457566 seconds.
  path: Assets/HitboxStudioProDemo/CharacterSelect.cs
  artifactKey: Guid(fa8915e9706f8794eb3bc45965de76e3) Importer(815301076,1909f56bfc062723c751e8b465ee728b)
Start importing Assets/HitboxStudioProDemo/CharacterSelect.cs using Guid(fa8915e9706f8794eb3bc45965de76e3) Importer(815301076,1909f56bfc062723c751e8b465ee728b)  -> (artifact id: '1bf5b0823c2885de340059d7df8a2947') in 0.018346 seconds
  Import took 0.021339 seconds .

========================================================================
Received Prepare
Registering precompiled user dll's ...
Registered in 0.001583 seconds.
Begin MonoManager ReloadAssembly
Native extension for LinuxStandalone target not found
Native extension for WindowsStandalone target not found
Native extension for OSXStandalone target not found
Native extension for WebGL target not found
Refreshing native plugins compatible for Editor in 0.41 ms, found 1 plugins.
Preloading 0 native plugins for Editor in 0.00 ms.
Invoked RoslynAnalysisRunner static constructor.
RoslynAnalysisRunner will not be running.
RoslynAnalysisRunner has terminated.
Mono: successfully reloaded assembly
- Completed reload, in  1.040 seconds
Platform modules already initialized, skipping
Refreshing native plugins compatible for Editor in 0.38 ms, found 1 plugins.
Preloading 0 native plugins for Editor in 0.00 ms.
Unloading 1804 Unused Serialized files (Serialized files now loaded: 0)
System memory in use before: 85.8 MB.
System memory in use after: 85.8 MB.

Unloading 12 unused Assets to reduce memory usage. Loaded Objects now: 2307.
Total: 2.282100 ms (FindLiveObjects: 0.256700 ms CreateObjectMapping: 0.044300 ms MarkObjects: 1.850500 ms  DeleteObjects: 0.129300 ms)

========================================================================
Received Import Request.
  Time since last request: 7.665957 seconds.
  path: Assets/HitboxStudioProDemo/FightController.cs
  artifactKey: Guid(03890c4cdd978d646845fafafb8d3ce0) Importer(815301076,1909f56bfc062723c751e8b465ee728b)
Start importing Assets/HitboxStudioProDemo/FightController.cs using Guid(03890c4cdd978d646845fafafb8d3ce0) Importer(815301076,1909f56bfc062723c751e8b465ee728b)  -> (artifact id: '1891ff90f204bf7e39d8209aa303581e') in 0.020047 seconds
  Import took 0.023937 seconds .

========================================================================
Received Prepare
Registering precompiled user dll's ...
Registered in 0.001649 seconds.
Begin MonoManager ReloadAssembly
Native extension for LinuxStandalone target not found
Native extension for WindowsStandalone target not found
Native extension for OSXStandalone target not found
Native extension for WebGL target not found
Refreshing native plugins compatible for Editor in 0.40 ms, found 1 plugins.
Preloading 0 native plugins for Editor in 0.00 ms.
Invoked RoslynAnalysisRunner static constructor.
RoslynAnalysisRunner will not be running.
RoslynAnalysisRunner has terminated.
Mono: successfully reloaded assembly
- Completed reload, in  1.018 seconds
Platform modules already initialized, skipping
Refreshing native plugins compatible for Editor in 0.38 ms, found 1 plugins.
Preloading 0 native plugins for Editor in 0.00 ms.
Unloading 1805 Unused Serialized files (Serialized files now loaded: 0)
System memory in use before: 85.9 MB.
System memory in use after: 85.9 MB.

Unloading 12 unused Assets to reduce memory usage. Loaded Objects now: 2311.
Total: 2.158400 ms (FindLiveObjects: 0.211000 ms CreateObjectMapping: 0.044600 ms MarkObjects: 1.774300 ms  DeleteObjects: 0.127600 ms)

========================================================================
Received Import Request.
  Time since last request: 11.753639 seconds.
  path: Assets/HitboxStudioProDemo/INPUTFLAG.cs
  artifactKey: Guid(2e3d8f653a8213c4bb3879a8f604d260) Importer(815301076,1909f56bfc062723c751e8b465ee728b)
Start importing Assets/HitboxStudioProDemo/INPUTFLAG.cs using Guid(2e3d8f653a8213c4bb3879a8f604d260) Importer(815301076,1909f56bfc062723c751e8b465ee728b)  -> (artifact id: 'ae7d88bd71f259fda22dd0517bdbe1b0') in 0.018668 seconds
  Import took 0.021968 seconds .

========================================================================
Received Prepare
Registering precompiled user dll's ...
Registered in 0.001339 seconds.
Begin MonoManager ReloadAssembly
Native extension for LinuxStandalone target not found
Native extension for WindowsStandalone target not found
Native extension for OSXStandalone target not found
Native extension for WebGL target not found
Refreshing native plugins compatible for Editor in 0.37 ms, found 1 plugins.
Preloading 0 native plugins for Editor in 0.00 ms.
Invoked RoslynAnalysisRunner static constructor.
RoslynAnalysisRunner will not be running.
RoslynAnalysisRunner has terminated.
Mono: successfully reloaded assembly
- Completed reload, in  0.990 seconds
Platform modules already initialized, skipping
Refreshing native plugins compatible for Editor in 0.56 ms, found 1 plugins.
Preloading 0 native plugins for Editor in 0.00 ms.
Unloading 1806 Unused Serialized files (Serialized files now loaded: 0)
System memory in use before: 86.0 MB.
System memory in use after: 86.0 MB.

Unloading 12 unused Assets to reduce memory usage. Loaded Objects now: 2315.
Total: 2.659600 ms (FindLiveObjects: 0.298300 ms CreateObjectMapping: 0.057600 ms MarkObjects: 2.159400 ms  DeleteObjects: 0.143300 ms)

========================================================================
Received Import Request.
  Time since last request: 10.952080 seconds.
  path: Assets/HitboxStudioProDemo/InputHistory.cs
  artifactKey: Guid(0948921fb278eca4ab0de8b0028bd70c) Importer(815301076,1909f56bfc062723c751e8b465ee728b)
Start importing Assets/HitboxStudioProDemo/InputHistory.cs using Guid(0948921fb278eca4ab0de8b0028bd70c) Importer(815301076,1909f56bfc062723c751e8b465ee728b)  -> (artifact id: 'cedc0f69cf0865fa8183b6f71fb6f79b') in 0.019533 seconds
  Import took 0.022919 seconds .

========================================================================
Received Prepare
Registering precompiled user dll's ...
Registered in 0.001583 seconds.
Begin MonoManager ReloadAssembly
Native extension for LinuxStandalone target not found
Native extension for WindowsStandalone target not found
Native extension for OSXStandalone target not found
Native extension for WebGL target not found
Refreshing native plugins compatible for Editor in 0.39 ms, found 1 plugins.
Preloading 0 native plugins for Editor in 0.00 ms.
Invoked RoslynAnalysisRunner static constructor.
RoslynAnalysisRunner will not be running.
RoslynAnalysisRunner has terminated.
Mono: successfully reloaded assembly
- Completed reload, in  0.941 seconds
Platform modules already initialized, skipping
Refreshing native plugins compatible for Editor in 0.44 ms, found 1 plugins.
Preloading 0 native plugins for Editor in 0.00 ms.
Unloading 1807 Unused Serialized files (Serialized files now loaded: 0)
System memory in use before: 86.0 MB.
System memory in use after: 86.0 MB.

Unloading 12 unused Assets to reduce memory usage. Loaded Objects now: 2319.
Total: 2.192100 ms (FindLiveObjects: 0.209500 ms CreateObjectMapping: 0.044200 ms MarkObjects: 1.813800 ms  DeleteObjects: 0.123600 ms)

========================================================================
Received Import Request.
  Time since last request: 8.318293 seconds.
  path: Assets/HitboxStudioProDemo/InputVisualizer.cs
  artifactKey: Guid(79d64c86cb33d93448d00b76334129f5) Importer(815301076,1909f56bfc062723c751e8b465ee728b)
Start importing Assets/HitboxStudioProDemo/InputVisualizer.cs using Guid(79d64c86cb33d93448d00b76334129f5) Importer(815301076,1909f56bfc062723c751e8b465ee728b)  -> (artifact id: 'd50dda1cbaf559bfcd2697d5cc9511bf') in 0.019631 seconds
  Import took 0.022815 seconds .

========================================================================
Received Prepare
Registering precompiled user dll's ...
Registered in 0.001391 seconds.
Begin MonoManager ReloadAssembly
Native extension for LinuxStandalone target not found
Native extension for WindowsStandalone target not found
Native extension for OSXStandalone target not found
Native extension for WebGL target not found
Refreshing native plugins compatible for Editor in 0.39 ms, found 1 plugins.
Preloading 0 native plugins for Editor in 0.00 ms.
Invoked RoslynAnalysisRunner static constructor.
RoslynAnalysisRunner will not be running.
RoslynAnalysisRunner has terminated.
Mono: successfully reloaded assembly
- Completed reload, in  0.953 seconds
Platform modules already initialized, skipping
Refreshing native plugins compatible for Editor in 0.38 ms, found 1 plugins.
Preloading 0 native plugins for Editor in 0.00 ms.
Unloading 1808 Unused Serialized files (Serialized files now loaded: 0)
System memory in use before: 86.1 MB.
System memory in use after: 86.1 MB.

Unloading 12 unused Assets to reduce memory usage. Loaded Objects now: 2323.
Total: 2.151900 ms (FindLiveObjects: 0.204500 ms CreateObjectMapping: 0.043000 ms MarkObjects: 1.778300 ms  DeleteObjects: 0.125200 ms)

========================================================================
Received Import Request.
  Time since last request: 7.909997 seconds.
  path: Assets/HitboxStudioProDemo/Lifebar.cs
  artifactKey: Guid(88e18351e7c7e2548870718af113fed0) Importer(815301076,1909f56bfc062723c751e8b465ee728b)
Start importing Assets/HitboxStudioProDemo/Lifebar.cs using Guid(88e18351e7c7e2548870718af113fed0) Importer(815301076,1909f56bfc062723c751e8b465ee728b)  -> (artifact id: '5c92a0b674e8886234bbc7d5c8f168fc') in 0.020583 seconds
  Import took 0.023978 seconds .

========================================================================
Received Import Request.
  Time since last request: 0.002028 seconds.
  path: Assets/HitboxStudioProDemo/Lifebar.cs
  artifactKey: Guid(88e18351e7c7e2548870718af113fed0) Importer(815301076,1909f56bfc062723c751e8b465ee728b)
Start importing Assets/HitboxStudioProDemo/Lifebar.cs using Guid(88e18351e7c7e2548870718af113fed0) Importer(815301076,1909f56bfc062723c751e8b465ee728b)  -> (artifact id: '5c92a0b674e8886234bbc7d5c8f168fc') in 0.006347 seconds
  Import took 0.009783 seconds .

========================================================================
Received Prepare
Registering precompiled user dll's ...
Registered in 0.001408 seconds.
Begin MonoManager ReloadAssembly
Native extension for LinuxStandalone target not found
Native extension for WindowsStandalone target not found
Native extension for OSXStandalone target not found
Native extension for WebGL target not found
Refreshing native plugins compatible for Editor in 0.37 ms, found 1 plugins.
Preloading 0 native plugins for Editor in 0.00 ms.
Invoked RoslynAnalysisRunner static constructor.
RoslynAnalysisRunner will not be running.
RoslynAnalysisRunner has terminated.
Mono: successfully reloaded assembly
- Completed reload, in  0.953 seconds
Platform modules already initialized, skipping
Refreshing native plugins compatible for Editor in 0.37 ms, found 1 plugins.
Preloading 0 native plugins for Editor in 0.00 ms.
Unloading 1809 Unused Serialized files (Serialized files now loaded: 0)
System memory in use before: 86.2 MB.
System memory in use after: 86.2 MB.

Unloading 12 unused Assets to reduce memory usage. Loaded Objects now: 2327.
Total: 2.187700 ms (FindLiveObjects: 0.206400 ms CreateObjectMapping: 0.044700 ms MarkObjects: 1.814400 ms  DeleteObjects: 0.121000 ms)

========================================================================
Received Import Request.
  Time since last request: 7.569283 seconds.
  path: Assets/HitboxStudioProDemo/PlayerController.cs
  artifactKey: Guid(5ba0f959f66730b48ba66fb43246701b) Importer(815301076,1909f56bfc062723c751e8b465ee728b)
Start importing Assets/HitboxStudioProDemo/PlayerController.cs using Guid(5ba0f959f66730b48ba66fb43246701b) Importer(815301076,1909f56bfc062723c751e8b465ee728b)  -> (artifact id: '7d065b7999800ce8753c8860b8e8db00') in 0.020091 seconds
  Import took 0.023838 seconds .

========================================================================
Received Prepare
Registering precompiled user dll's ...
Registered in 0.001357 seconds.
Begin MonoManager ReloadAssembly
Native extension for LinuxStandalone target not found
Native extension for WindowsStandalone target not found
Native extension for OSXStandalone target not found
Native extension for WebGL target not found
Refreshing native plugins compatible for Editor in 0.63 ms, found 1 plugins.
Preloading 0 native plugins for Editor in 0.00 ms.
Invoked RoslynAnalysisRunner static constructor.
RoslynAnalysisRunner will not be running.
RoslynAnalysisRunner has terminated.
Mono: successfully reloaded assembly
- Completed reload, in  0.971 seconds
Platform modules already initialized, skipping
Refreshing native plugins compatible for Editor in 0.37 ms, found 1 plugins.
Preloading 0 native plugins for Editor in 0.00 ms.
Unloading 1810 Unused Serialized files (Serialized files now loaded: 0)
System memory in use before: 86.3 MB.
System memory in use after: 86.3 MB.

Unloading 12 unused Assets to reduce memory usage. Loaded Objects now: 2331.
Total: 2.029600 ms (FindLiveObjects: 0.202800 ms CreateObjectMapping: 0.044500 ms MarkObjects: 1.671900 ms  DeleteObjects: 0.109000 ms)

========================================================================
Received Import Request.
  Time since last request: 7.446987 seconds.
  path: Assets/HitboxStudioProDemo/RoundResult.cs
  artifactKey: Guid(8d4fed6ecfd97f447bc4dc240ddc533b) Importer(815301076,1909f56bfc062723c751e8b465ee728b)
Start importing Assets/HitboxStudioProDemo/RoundResult.cs using Guid(8d4fed6ecfd97f447bc4dc240ddc533b) Importer(815301076,1909f56bfc062723c751e8b465ee728b)  -> (artifact id: 'bb92726440af65d0100550f58a6ef3e4') in 0.014119 seconds
  Import took 0.017450 seconds .

========================================================================
Received Import Request.
  Time since last request: 0.000681 seconds.
  path: Assets/HitboxStudioProDemo/RoundResult.cs
  artifactKey: Guid(8d4fed6ecfd97f447bc4dc240ddc533b) Importer(815301076,1909f56bfc062723c751e8b465ee728b)
Start importing Assets/HitboxStudioProDemo/RoundResult.cs using Guid(8d4fed6ecfd97f447bc4dc240ddc533b) Importer(815301076,1909f56bfc062723c751e8b465ee728b)  -> (artifact id: 'bb92726440af65d0100550f58a6ef3e4') in 0.003891 seconds
  Import took 0.006834 seconds .

========================================================================
Received Prepare
Registering precompiled user dll's ...
Registered in 0.001174 seconds.
Begin MonoManager ReloadAssembly
Native extension for LinuxStandalone target not found
Native extension for WindowsStandalone target not found
Native extension for OSXStandalone target not found
Native extension for WebGL target not found
Refreshing native plugins compatible for Editor in 0.38 ms, found 1 plugins.
Preloading 0 native plugins for Editor in 0.00 ms.
Invoked RoslynAnalysisRunner static constructor.
RoslynAnalysisRunner will not be running.
RoslynAnalysisRunner has terminated.
Mono: successfully reloaded assembly
- Completed reload, in  0.899 seconds
Platform modules already initialized, skipping
Refreshing native plugins compatible for Editor in 0.36 ms, found 1 plugins.
Preloading 0 native plugins for Editor in 0.00 ms.
Unloading 1811 Unused Serialized files (Serialized files now loaded: 0)
System memory in use before: 86.4 MB.
System memory in use after: 86.4 MB.

Unloading 12 unused Assets to reduce memory usage. Loaded Objects now: 2335.
Total: 2.029700 ms (FindLiveObjects: 0.198500 ms CreateObjectMapping: 0.044200 ms MarkObjects: 1.679500 ms  DeleteObjects: 0.106600 ms)

========================================================================
Received Import Request.
  Time since last request: 7.027503 seconds.
  path: Assets/HitboxStudioProDemo/RoundTimer.cs
  artifactKey: Guid(df99c893d5818614bae2716aba7bdea1) Importer(815301076,1909f56bfc062723c751e8b465ee728b)
Start importing Assets/HitboxStudioProDemo/RoundTimer.cs using Guid(df99c893d5818614bae2716aba7bdea1) Importer(815301076,1909f56bfc062723c751e8b465ee728b)  -> (artifact id: 'fc30992fbe3d27f94bc4cea909d8df97') in 0.013311 seconds
  Import took 0.016562 seconds .

========================================================================
Received Import Request.
  Time since last request: 0.002213 seconds.
  path: Assets/HitboxStudioProDemo/RoundTimer.cs
  artifactKey: Guid(df99c893d5818614bae2716aba7bdea1) Importer(815301076,1909f56bfc062723c751e8b465ee728b)
Start importing Assets/HitboxStudioProDemo/RoundTimer.cs using Guid(df99c893d5818614bae2716aba7bdea1) Importer(815301076,1909f56bfc062723c751e8b465ee728b)  -> (artifact id: 'fc30992fbe3d27f94bc4cea909d8df97') in 0.003662 seconds
  Import took 0.007317 seconds .

========================================================================
Received Prepare
Registering precompiled user dll's ...
Registered in 0.001164 seconds.
Begin MonoManager ReloadAssembly
Native extension for LinuxStandalone target not found
Native extension for WindowsStandalone target not found
Native extension for OSXStandalone target not found
Native extension for WebGL target not found
Refreshing native plugins compatible for Editor in 0.38 ms, found 1 plugins.
Preloading 0 native plugins for Editor in 0.00 ms.
Invoked RoslynAnalysisRunner static constructor.
RoslynAnalysisRunner will not be running.
RoslynAnalysisRunner has terminated.
Mono: successfully reloaded assembly
- Completed reload, in  0.907 seconds
Platform modules already initialized, skipping
Refreshing native plugins compatible for Editor in 0.37 ms, found 1 plugins.
Preloading 0 native plugins for Editor in 0.00 ms.
Unloading 1812 Unused Serialized files (Serialized files now loaded: 0)
System memory in use before: 86.5 MB.
System memory in use after: 86.5 MB.

Unloading 12 unused Assets to reduce memory usage. Loaded Objects now: 2339.
Total: 2.287600 ms (FindLiveObjects: 0.234500 ms CreateObjectMapping: 0.044600 ms MarkObjects: 1.856600 ms  DeleteObjects: 0.150900 ms)

========================================================================
Received Import Request.
  Time since last request: 6.324918 seconds.
  path: Assets/HitboxStudioProDemo/SpriteLabel.cs
  artifactKey: Guid(b0e1a6a547a33c24885af5ed9be2364a) Importer(815301076,1909f56bfc062723c751e8b465ee728b)
Start importing Assets/HitboxStudioProDemo/SpriteLabel.cs using Guid(b0e1a6a547a33c24885af5ed9be2364a) Importer(815301076,1909f56bfc062723c751e8b465ee728b)  -> (artifact id: 'cd4b847ef335e236d1b7716e14ee1732') in 0.015202 seconds
  Import took 0.018893 seconds .

========================================================================
Received Import Request.
  Time since last request: 0.009525 seconds.
  path: Assets/HitboxStudioProDemo/SpriteLabel.cs
  artifactKey: Guid(b0e1a6a547a33c24885af5ed9be2364a) Importer(815301076,1909f56bfc062723c751e8b465ee728b)
Start importing Assets/HitboxStudioProDemo/SpriteLabel.cs using Guid(b0e1a6a547a33c24885af5ed9be2364a) Importer(815301076,1909f56bfc062723c751e8b465ee728b)  -> (artifact id: 'cd4b847ef335e236d1b7716e14ee1732') in 0.003793 seconds
  Import took 0.007551 seconds .

========================================================================
Received Prepare
Registering precompiled user dll's ...
Registered in 0.001184 seconds.
Begin MonoManager ReloadAssembly
Native extension for LinuxStandalone target not found
Native extension for WindowsStandalone target not found
Native extension for OSXStandalone target not found
Native extension for WebGL target not found
Refreshing native plugins compatible for Editor in 0.37 ms, found 1 plugins.
Preloading 0 native plugins for Editor in 0.00 ms.
Invoked RoslynAnalysisRunner static constructor.
RoslynAnalysisRunner will not be running.
RoslynAnalysisRunner has terminated.
Mono: successfully reloaded assembly
- Completed reload, in  0.897 seconds
Platform modules already initialized, skipping
Refreshing native plugins compatible for Editor in 0.37 ms, found 1 plugins.
Preloading 0 native plugins for Editor in 0.00 ms.
Unloading 1813 Unused Serialized files (Serialized files now loaded: 0)
System memory in use before: 86.5 MB.
System memory in use after: 86.5 MB.

Unloading 12 unused Assets to reduce memory usage. Loaded Objects now: 2343.
Total: 2.094500 ms (FindLiveObjects: 0.214800 ms CreateObjectMapping: 0.044300 ms MarkObjects: 1.721800 ms  DeleteObjects: 0.112400 ms)

========================================================================
Received Prepare
Registering precompiled user dll's ...
Registered in 0.001435 seconds.
Begin MonoManager ReloadAssembly
Native extension for LinuxStandalone target not found
Native extension for WindowsStandalone target not found
Native extension for OSXStandalone target not found
Native extension for WebGL target not found
Refreshing native plugins compatible for Editor in 0.37 ms, found 1 plugins.
Preloading 0 native plugins for Editor in 0.00 ms.
Invoked RoslynAnalysisRunner static constructor.
RoslynAnalysisRunner will not be running.
RoslynAnalysisRunner has terminated.
Mono: successfully reloaded assembly
- Completed reload, in  0.925 seconds
Platform modules already initialized, skipping
Refreshing native plugins compatible for Editor in 0.37 ms, found 1 plugins.
Preloading 0 native plugins for Editor in 0.00 ms.
Unloading 1813 Unused Serialized files (Serialized files now loaded: 0)
System memory in use before: 86.7 MB.
System memory in use after: 86.7 MB.

Unloading 12 unused Assets to reduce memory usage. Loaded Objects now: 2346.
Total: 2.043700 ms (FindLiveObjects: 0.208100 ms CreateObjectMapping: 0.044800 ms MarkObjects: 1.672400 ms  DeleteObjects: 0.117100 ms)

========================================================================
Received Import Request.
  Time since last request: 218.152168 seconds.
  path: Assets/HitboxStudioProDemo/SpriteLabel.cs
  artifactKey: Guid(b0e1a6a547a33c24885af5ed9be2364a) Importer(815301076,1909f56bfc062723c751e8b465ee728b)
Start importing Assets/HitboxStudioProDemo/SpriteLabel.cs using Guid(b0e1a6a547a33c24885af5ed9be2364a) Importer(815301076,1909f56bfc062723c751e8b465ee728b)  -> (artifact id: 'fd07d5ea19aedd616d584ddcaa079e1a') in 0.011368 seconds
  Import took 0.014341 seconds .

========================================================================
Received Import Request.
  Time since last request: 10.743370 seconds.
  path: Assets/HitboxStudioProDemo/AnimateShadow.cs
  artifactKey: Guid(c78983a41852d60499e6d6a0495f4e8e) Importer(815301076,1909f56bfc062723c751e8b465ee728b)
Start importing Assets/HitboxStudioProDemo/AnimateShadow.cs using Guid(c78983a41852d60499e6d6a0495f4e8e) Importer(815301076,1909f56bfc062723c751e8b465ee728b)  -> (artifact id: '68b410066717b8fdbec42dd516f3ea5f') in 0.003646 seconds
  Import took 0.006515 seconds .

========================================================================
Received Import Request.
  Time since last request: 0.028830 seconds.
  path: Assets/HitboxStudioProDemo/AnimateShadow.cs
  artifactKey: Guid(c78983a41852d60499e6d6a0495f4e8e) Importer(815301076,1909f56bfc062723c751e8b465ee728b)
Start importing Assets/HitboxStudioProDemo/AnimateShadow.cs using Guid(c78983a41852d60499e6d6a0495f4e8e) Importer(815301076,1909f56bfc062723c751e8b465ee728b)  -> (artifact id: '68b410066717b8fdbec42dd516f3ea5f') in 0.003370 seconds
  Import took 0.006255 seconds .

========================================================================
Received Import Request.
  Time since last request: 27.893506 seconds.
  path: Assets/HitboxtudioProOthers
  artifactKey: Guid(77be615611e71914fb74382f79034336) Importer(815301076,1909f56bfc062723c751e8b465ee728b)
Start importing Assets/HitboxtudioProOthers using Guid(77be615611e71914fb74382f79034336) Importer(815301076,1909f56bfc062723c751e8b465ee728b)  -> (artifact id: 'fb1a2c3beb24a9ef21326ef7115f86fe') in 0.010227 seconds
  Import took 0.013814 seconds .

========================================================================
Received Import Request.
  Time since last request: 0.003339 seconds.
  path: Assets/HitboxtudioProOthers
  artifactKey: Guid(77be615611e71914fb74382f79034336) Importer(815301076,1909f56bfc062723c751e8b465ee728b)
Start importing Assets/HitboxtudioProOthers using Guid(77be615611e71914fb74382f79034336) Importer(815301076,1909f56bfc062723c751e8b465ee728b)  -> (artifact id: 'fb1a2c3beb24a9ef21326ef7115f86fe') in 0.003435 seconds
  Import took 0.006385 seconds .

========================================================================
Received Import Request.
  Time since last request: 2.685095 seconds.
  path: Assets/HitboxStudioProOthers
  artifactKey: Guid(77be615611e71914fb74382f79034336) Importer(815301076,1909f56bfc062723c751e8b465ee728b)
Start importing Assets/HitboxStudioProOthers using Guid(77be615611e71914fb74382f79034336) Importer(815301076,1909f56bfc062723c751e8b465ee728b)  -> (artifact id: '26a0ee72553b5999c647aff4ba7a1b06') in 0.009022 seconds
  Import took 0.011818 seconds .

========================================================================
Received Import Request.
  Time since last request: 3.300807 seconds.
  path: Assets/HitboxStudioProOthers/New Attack FX.asset
  artifactKey: Guid(8995fa7cf03aa064db0627e60bd5e968) Importer(815301076,1909f56bfc062723c751e8b465ee728b)
Start importing Assets/HitboxStudioProOthers/New Attack FX.asset using Guid(8995fa7cf03aa064db0627e60bd5e968) Importer(815301076,1909f56bfc062723c751e8b465ee728b)  -> (artifact id: 'cdbbfcf7cc3f28e79473f6615930cb5e') in 0.054895 seconds
  Import took 0.057925 seconds .

========================================================================
Received Import Request.
  Time since last request: 1.845624 seconds.
  path: Assets/HitboxStudioProOthers/New Sprite Palette.asset
  artifactKey: Guid(9cbef08848fbf4f44873a3c19774395f) Importer(815301076,1909f56bfc062723c751e8b465ee728b)
Start importing Assets/HitboxStudioProOthers/New Sprite Palette.asset using Guid(9cbef08848fbf4f44873a3c19774395f) Importer(815301076,1909f56bfc062723c751e8b465ee728b)  -> (artifact id: '3fab64a90a05ea0c55acebf058010439') in 0.009839 seconds
  Import took 0.012821 seconds .

========================================================================
Received Import Request.
  Time since last request: 0.001205 seconds.
  path: Assets/HitboxStudioProOthers/New Sprite Palette.asset
  artifactKey: Guid(9cbef08848fbf4f44873a3c19774395f) Importer(815301076,1909f56bfc062723c751e8b465ee728b)
Start importing Assets/HitboxStudioProOthers/New Sprite Palette.asset using Guid(9cbef08848fbf4f44873a3c19774395f) Importer(815301076,1909f56bfc062723c751e8b465ee728b)  -> (artifact id: '3fab64a90a05ea0c55acebf058010439') in 0.003961 seconds
  Import took 0.006541 seconds .

========================================================================
Received Import Request.
  Time since last request: 2.033339 seconds.
  path: Assets/HitboxStudioProOthers/New Sprite Palette Group.asset
  artifactKey: Guid(379b7c3a5c459054d8e0da02777e77f4) Importer(815301076,1909f56bfc062723c751e8b465ee728b)
Start importing Assets/HitboxStudioProOthers/New Sprite Palette Group.asset using Guid(379b7c3a5c459054d8e0da02777e77f4) Importer(815301076,1909f56bfc062723c751e8b465ee728b)  -> (artifact id: 'fa16385afc3b4756b7b7e537e708d223') in 0.010355 seconds
  Import took 0.013454 seconds .

========================================================================
Received Import Request.
  Time since last request: 0.001482 seconds.
  path: Assets/HitboxStudioProOthers/New Sprite Palette Group.asset
  artifactKey: Guid(379b7c3a5c459054d8e0da02777e77f4) Importer(815301076,1909f56bfc062723c751e8b465ee728b)
Start importing Assets/HitboxStudioProOthers/New Sprite Palette Group.asset using Guid(379b7c3a5c459054d8e0da02777e77f4) Importer(815301076,1909f56bfc062723c751e8b465ee728b)  -> (artifact id: 'fa16385afc3b4756b7b7e537e708d223') in 0.003868 seconds
  Import took 0.006714 seconds .

========================================================================
Received Prepare
Registering precompiled user dll's ...
Registered in 0.001484 seconds.
Begin MonoManager ReloadAssembly
Native extension for LinuxStandalone target not found
Native extension for WindowsStandalone target not found
Native extension for OSXStandalone target not found
Native extension for WebGL target not found
Refreshing native plugins compatible for Editor in 0.38 ms, found 1 plugins.
Preloading 0 native plugins for Editor in 0.00 ms.
Invoked RoslynAnalysisRunner static constructor.
RoslynAnalysisRunner will not be running.
RoslynAnalysisRunner has terminated.
Mono: successfully reloaded assembly
- Completed reload, in  0.936 seconds
Platform modules already initialized, skipping
Refreshing native plugins compatible for Editor in 0.39 ms, found 1 plugins.
Preloading 0 native plugins for Editor in 0.00 ms.
Unloading 1813 Unused Serialized files (Serialized files now loaded: 0)
System memory in use before: 86.7 MB.
System memory in use after: 86.7 MB.

Unloading 12 unused Assets to reduce memory usage. Loaded Objects now: 2349.
Total: 2.393800 ms (FindLiveObjects: 0.296700 ms CreateObjectMapping: 0.045300 ms MarkObjects: 1.917600 ms  DeleteObjects: 0.133200 ms)

========================================================================
Received Prepare
Registering precompiled user dll's ...
Registered in 0.001721 seconds.
Begin MonoManager ReloadAssembly
Native extension for LinuxStandalone target not found
Native extension for WindowsStandalone target not found
Native extension for OSXStandalone target not found
Native extension for WebGL target not found
Refreshing native plugins compatible for Editor in 0.38 ms, found 1 plugins.
Preloading 0 native plugins for Editor in 0.00 ms.
Invoked RoslynAnalysisRunner static constructor.
RoslynAnalysisRunner will not be running.
RoslynAnalysisRunner has terminated.
Mono: successfully reloaded assembly
- Completed reload, in  0.913 seconds
Platform modules already initialized, skipping
Refreshing native plugins compatible for Editor in 0.37 ms, found 1 plugins.
Preloading 0 native plugins for Editor in 0.00 ms.
Unloading 1813 Unused Serialized files (Serialized files now loaded: 0)
System memory in use before: 86.8 MB.
System memory in use after: 86.8 MB.

Unloading 12 unused Assets to reduce memory usage. Loaded Objects now: 2352.
Total: 2.072800 ms (FindLiveObjects: 0.205800 ms CreateObjectMapping: 0.046600 ms MarkObjects: 1.714600 ms  DeleteObjects: 0.104600 ms)

========================================================================
Received Prepare
Registering precompiled user dll's ...
Registered in 0.001215 seconds.
Begin MonoManager ReloadAssembly
Native extension for LinuxStandalone target not found
Native extension for WindowsStandalone target not found
Native extension for OSXStandalone target not found
Native extension for WebGL target not found
Refreshing native plugins compatible for Editor in 0.38 ms, found 1 plugins.
Preloading 0 native plugins for Editor in 0.00 ms.
Invoked RoslynAnalysisRunner static constructor.
RoslynAnalysisRunner will not be running.
RoslynAnalysisRunner has terminated.
Mono: successfully reloaded assembly
- Completed reload, in  0.924 seconds
Platform modules already initialized, skipping
Refreshing native plugins compatible for Editor in 0.38 ms, found 1 plugins.
Preloading 0 native plugins for Editor in 0.00 ms.
Unloading 1813 Unused Serialized files (Serialized files now loaded: 0)
System memory in use before: 86.9 MB.
System memory in use after: 86.9 MB.

Unloading 12 unused Assets to reduce memory usage. Loaded Objects now: 2355.
Total: 2.263700 ms (FindLiveObjects: 0.208200 ms CreateObjectMapping: 0.044000 ms MarkObjects: 1.897600 ms  DeleteObjects: 0.112600 ms)

AssetImportWorkerClient::OnTransportError - code=2 error=End of file
